MAKECEEFAX.PHP V1 alpha (c) Nathan Dane, 2018
Saving to /home/pi/ceefax/

Loaded MAKENEWS.PHP V(indev) (c) Nathan Dane, 2018
Loaded MAKEFRONTPAGE.PHP V1 alpha (c) Nathan Dane, 2018

Running makenews...
https://www.bbc.co.uk/news/uk-politics-46547832
https://www.bbc.co.uk/news/education-46555654
https://www.bbc.co.uk/news/uk-46551814
https://www.bbc.co.uk/news/uk-england-derbyshire-46551039
https://www.bbc.co.uk/news/46550155
https://www.bbc.co.uk/news/uk-england-46544328
https://www.bbc.co.uk/news/uk-england-shropshire-46552455
https://www.bbc.co.uk/news/uk-politics-46553064
https://www.bbc.co.uk/news/uk-46556447
https://www.bbc.co.uk/news/business-46550862
https://www.bbc.co.uk/news/uk-england-46554496
https://www.bbc.co.uk/news/world-europe-46561574
https://www.bbc.co.uk/news/world-us-canada-46561520
https://www.bbc.co.uk/news/business-46550862
https://www.bbc.co.uk/news/world-us-canada-46556676
https://www.bbc.co.uk/news/world-africa-46552614
https://www.bbc.co.uk/news/world-us-canada-46558392
https://www.bbc.co.uk/news/world-middle-east-46555059
https://www.bbc.co.uk/news/world-us-canada-46546683
https://www.bbc.co.uk/news/world-us-canada-46556674
https://www.bbc.co.uk/news/world-us-canada-46559132
https://www.bbc.co.uk/news/uk-northern-ireland-46556312
https://www.bbc.co.uk/news/world-europe-46550506
https://www.bbc.co.uk/news/uk-northern-ireland-46561667
https://www.bbc.co.uk/news/world-europe-46546295
https://www.bbc.co.uk/news/world-europe-46558431
https://www.bbc.co.uk/news/uk-northern-ireland-46560512
https://www.bbc.co.uk/news/uk-northern-ireland-46539072
https://www.bbc.co.uk/news/uk-northern-ireland-foyle-west-46559032
https://www.bbc.co.uk/news/uk-northern-ireland-46553114
Sci-Tech News Up-to-date
makenews finished

Running makeweather...
makeweather finished

Running makefrontpage...
makefrontpage finished

Running makenewsreel...
makenewsreel finished
MAKECEEFAX.PHP finished at 22:04:53 13-12-2018
